app/build/outputs/logs/manifest-merger-debug-report.txt
-- Merging decision tree log ---
manifest
ADDED from src/main/AndroidManifest.xml:2:1-62:12
	package
		ADDED from src/main/AndroidManifest.xml:3:5-43
		INJECTED from src/main/AndroidManifest.xml
		INJECTED from src/main/AndroidManifest.xml
	android:versionName
		INJECTED from src/main/AndroidManifest.xml
		INJECTED from src/main/AndroidManifest.xml
	xmlns:android
		ADDED from src/main/AndroidManifest.xml:2:11-69
	android:versionCode
		INJECTED from src/main/AndroidManifest.xml
		INJECTED from src/main/AndroidManifest.xml
uses-permission#android.permission.ACCESS_FINE_LOCATION
ADDED from src/main/AndroidManifest.xml:5:5-79
	android:name
		ADDED from src/main/AndroidManifest.xml:5:22-76
uses-permission#android.permission.INTERNET
ADDED from src/main/AndroidManifest.xml:6:5-67
	android:name
		ADDED from src/main/AndroidManifest.xml:6:22-64
uses-permission#android.permission.VIBRATE
ADDED from src/main/AndroidManifest.xml:7:5-66
	android:name
		ADDED from src/main/AndroidManifest.xml:7:22-63
uses-permission#android.permission.RECEIVE_BOOT_COMPLETED
ADDED from src/main/AndroidManifest.xml:8:5-81
	android:name
		ADDED from src/main/AndroidManifest.xml:8:22-78
uses-permission#android.permission.ACCESS_NETWORK_STATE
ADDED from src/main/AndroidManifest.xml:9:5-79
	android:name
		ADDED from src/main/AndroidManifest.xml:9:22-76
uses-permission#android.permission.WRITE_EXTERNAL_STORAGE
ADDED from src/main/AndroidManifest.xml:10:5-81
	android:name
		ADDED from src/main/AndroidManifest.xml:10:22-78
application
ADDED from src/main/AndroidManifest.xml:21:5-60:19
MERGED from [com.android.support:appcompat-v7:22.2.1] AndroidManifest.xml:22:5-20
MERGED from [com.android.support:support-v4:22.2.1] AndroidManifest.xml:22:5-20
MERGED from [com.astuetz:pagerslidingtabstrip:1.0.1] AndroidManifest.xml:4:5-19
MERGED from [com.android.support:support-v4:22.2.1] AndroidManifest.xml:22:5-20
MERGED from [com.android.support:design:22.2.1] AndroidManifest.xml:22:5-20
MERGED from [com.android.support:appcompat-v7:22.2.1] AndroidManifest.xml:22:5-20
MERGED from [com.android.support:support-v4:22.2.1] AndroidManifest.xml:22:5-20
MERGED from [com.android.support:support-v4:22.2.1] AndroidManifest.xml:22:5-20
	android:label
		ADDED from src/main/AndroidManifest.xml:24:9-41
	android:supportsRtl
		ADDED from src/main/AndroidManifest.xml:25:9-35
	android:allowBackup
		ADDED from src/main/AndroidManifest.xml:22:9-35
	android:icon
		ADDED from src/main/AndroidManifest.xml:23:9-48
	android:theme
		ADDED from src/main/AndroidManifest.xml:26:9-40
activity#de.darmstadt.tu.kom.XTrigger.activity.MainActivity
ADDED from src/main/AndroidManifest.xml:27:9-33:20
	android:name
		ADDED from src/main/AndroidManifest.xml:27:19-56
intent-filter#android.intent.action.MAIN+android.intent.category.LAUNCHER
ADDED from src/main/AndroidManifest.xml:28:13-32:29
action#android.intent.action.MAIN
ADDED from src/main/AndroidManifest.xml:29:17-69
	android:name
		ADDED from src/main/AndroidManifest.xml:29:25-66
category#android.intent.category.LAUNCHER
ADDED from src/main/AndroidManifest.xml:31:17-77
	android:name
		ADDED from src/main/AndroidManifest.xml:31:27-74
activity#de.darmstadt.tu.kom.XTrigger.activity.StatusActivity
ADDED from src/main/AndroidManifest.xml:34:9-70
	android:name
		ADDED from src/main/AndroidManifest.xml:34:19-58
receiver#de.darmstadt.tu.kom.XTrigger.broadcastreceiver.AlgorithmServiceReceiver
ADDED from src/main/AndroidManifest.xml:36:9-89
	android:name
		ADDED from src/main/AndroidManifest.xml:36:19-77
receiver#de.darmstadt.tu.kom.XTrigger.broadcastreceiver.AlgorithmServiceBootCompleteReceiver
ADDED from src/main/AndroidManifest.xml:37:9-41:20
	android:name
		ADDED from src/main/AndroidManifest.xml:37:19-89
intent-filter#android.intent.action.BOOT_COMPLETED
ADDED from src/main/AndroidManifest.xml:38:13-40:29
action#android.intent.action.BOOT_COMPLETED
ADDED from src/main/AndroidManifest.xml:39:17-79
	android:name
		ADDED from src/main/AndroidManifest.xml:39:25-76
receiver#de.darmstadt.tu.kom.XTrigger.broadcastreceiver.NotificationServiceReceiver
ADDED from src/main/AndroidManifest.xml:42:9-92
	android:name
		ADDED from src/main/AndroidManifest.xml:42:19-80
service#de.darmstadt.tu.kom.XTrigger.service.StaticReasoner
ADDED from src/main/AndroidManifest.xml:49:9-53:19
	android:name
		ADDED from src/main/AndroidManifest.xml:49:18-56
intent-filter#StaticReasoner
ADDED from src/main/AndroidManifest.xml:50:13-52:29
action#StaticReasoner
ADDED from src/main/AndroidManifest.xml:51:17-57
	android:name
		ADDED from src/main/AndroidManifest.xml:51:25-54
service#de.darmstadt.tu.kom.XTrigger.service.DynamicReasoner
ADDED from src/main/AndroidManifest.xml:54:9-58:19
	android:name
		ADDED from src/main/AndroidManifest.xml:54:18-57
intent-filter#DynamicReasoner
ADDED from src/main/AndroidManifest.xml:55:13-57:29
action#DynamicReasoner
ADDED from src/main/AndroidManifest.xml:56:17-58
	android:name
		ADDED from src/main/AndroidManifest.xml:56:25-55
uses-sdk
INJECTED from src/main/AndroidManifest.xml reason: use-sdk injection requested
MERGED from [com.android.support:appcompat-v7:22.2.1] AndroidManifest.xml:20:5-43
MERGED from [com.android.support:support-v4:22.2.1] AndroidManifest.xml:20:5-43
MERGED from [com.astuetz:pagerslidingtabstrip:1.0.1] AndroidManifest.xml:2:5-72
MERGED from [com.android.support:support-v4:22.2.1] AndroidManifest.xml:20:5-43
MERGED from [com.android.support:design:22.2.1] AndroidManifest.xml:20:5-43
MERGED from [com.android.support:appcompat-v7:22.2.1] AndroidManifest.xml:20:5-43
MERGED from [com.android.support:support-v4:22.2.1] AndroidManifest.xml:20:5-43
MERGED from [com.android.support:support-v4:22.2.1] AndroidManifest.xml:20:5-43
	android:targetSdkVersion
		INJECTED from src/main/AndroidManifest.xml
		INJECTED from src/main/AndroidManifest.xml
	android:minSdkVersion
		INJECTED from src/main/AndroidManifest.xml
		INJECTED from src/main/AndroidManifest.xml